running develop
/usr/lib/python3/dist-packages/setuptools/command/easy_install.py:363: UserWarning: Unbuilt egg for pytest-repeat [unknown version] (/usr/lib/python3/dist-packages)
  self.local_index = Environment(self.shadow_path + sys.path)
running egg_info
creating agri_robot_description.egg-info
writing agri_robot_description.egg-info/PKG-INFO
writing dependency_links to agri_robot_description.egg-info/dependency_links.txt
writing requirements to agri_robot_description.egg-info/requires.txt
writing top-level names to agri_robot_description.egg-info/top_level.txt
writing manifest file 'agri_robot_description.egg-info/SOURCES.txt'
reading manifest file 'agri_robot_description.egg-info/SOURCES.txt'
writing manifest file 'agri_robot_description.egg-info/SOURCES.txt'
running build_ext
Creating /home/wilsonchandra/agri_robot_ws/install/agri_robot_description/lib/python3.12/site-packages/agri-robot-description.egg-link (link to .)

Installed /home/wilsonchandra/agri_robot_ws/build/agri_robot_description
running symlink_data
error: can't copy '/home/wilsonchandra/agri_robot_ws/build/agri_robot_description/resource/agri_robot_description': doesn't exist or not a regular file
creating /home/wilsonchandra/agri_robot_ws/install/agri_robot_description/share
creating /home/wilsonchandra/agri_robot_ws/install/agri_robot_description/share/ament_index
creating /home/wilsonchandra/agri_robot_ws/install/agri_robot_description/share/ament_index/resource_index
creating /home/wilsonchandra/agri_robot_ws/install/agri_robot_description/share/ament_index/resource_index/packages
