[0.007s] Invoking command in '/home/wilsonchandra/agri_robot_ws/src/agri_robot_description/build/agri_robot_description': DEBUGINFOD_URLS=https://debuginfod.ubuntu.com /usr/bin/cmake /home/wilsonchandra/agri_robot_ws/src/agri_robot_description -DCMAKE_INSTALL_PREFIX=/home/wilsonchandra/agri_robot_ws/src/agri_robot_description/install/agri_robot_description
[0.190s] -- The C compiler identification is GNU 13.3.0
[0.352s] -- The CXX compiler identification is GNU 13.3.0
[0.371s] -- Detecting C compiler ABI info
[0.555s] -- Detecting C compiler ABI info - done
[0.563s] -- Check for working C compiler: /usr/bin/cc - skipped
[0.563s] -- Detecting C compile features
[0.563s] -- Detecting C compile features - done
[0.584s] -- Detecting CXX compiler ABI info
[0.776s] -- Detecting CXX compiler ABI info - done
[0.782s] -- Check for working CXX compiler: /usr/bin/c++ - skipped
[0.782s] -- Detecting CXX compile features
[0.782s] -- Detecting CXX compile features - done
[0.788s] -- Found ament_cmake: 2.5.5 (/opt/ros/jazzy/share/ament_cmake/cmake)
[0.883s] -- Found Python3: /usr/bin/python3 (found version "3.12.3") found components: Interpreter 
[1.022s] Error parsing '/home/wilsonchandra/agri_robot_ws/src/agri_robot_description/package.xml':
[1.870s] Traceback (most recent call last):
[1.870s]   File "/opt/ros/jazzy/share/ament_cmake_core/cmake/core/package_xml_2_cmake.py", line 150, in <module>
[1.870s]     main()
[1.870s]   File "/opt/ros/jazzy/share/ament_cmake_core/cmake/core/package_xml_2_cmake.py", line 53, in main
[1.870s]     raise e
[1.870s]   File "/opt/ros/jazzy/share/ament_cmake_core/cmake/core/package_xml_2_cmake.py", line 49, in main
[1.870s]     package = parse_package_string(
[1.870s]               ^^^^^^^^^^^^^^^^^^^^^
[1.870s]   File "/usr/lib/python3/dist-packages/catkin_pkg/package.py", line 786, in parse_package_string
[1.870s]     raise InvalidPackage('Error(s):%s' % (''.join(['\n- %s' % e for e in errors])), filename)
[1.870s] catkin_pkg.package.InvalidPackage: Error(s) in package '/home/wilsonchandra/agri_robot_ws/src/agri_robot_description/package.xml':
[1.870s] Error(s):
[1.870s] - The generic dependency on 'xacro' is redundant with: exec_depend
[1.887s] [31mCMake Error at /opt/ros/jazzy/share/ament_cmake_core/cmake/core/ament_package_xml.cmake:95 (message):
[1.887s]   execute_process(/usr/bin/python3
[1.887s]   /opt/ros/jazzy/share/ament_cmake_core/cmake/core/package_xml_2_cmake.py
[1.887s]   /home/wilsonchandra/agri_robot_ws/src/agri_robot_description/package.xml
[1.887s]   /home/wilsonchandra/agri_robot_ws/src/agri_robot_description/build/agri_robot_description/ament_cmake_core/package.cmake)
[1.887s]   returned error code 1
[1.887s] Call Stack (most recent call first):
[1.887s]   /opt/ros/jazzy/share/ament_cmake_core/cmake/core/ament_package_xml.cmake:49 (_ament_package_xml)
[1.887s]   /opt/ros/jazzy/share/ament_cmake_core/cmake/core/ament_package.cmake:63 (ament_package_xml)
[1.887s]   CMakeLists.txt:17 (ament_package)
[1.887s] 
[1.887s] [0m
[1.887s] -- Configuring incomplete, errors occurred!
[1.891s] Invoked command in '/home/wilsonchandra/agri_robot_ws/src/agri_robot_description/build/agri_robot_description' returned '1': DEBUGINFOD_URLS=https://debuginfod.ubuntu.com /usr/bin/cmake /home/wilsonchandra/agri_robot_ws/src/agri_robot_description -DCMAKE_INSTALL_PREFIX=/home/wilsonchandra/agri_robot_ws/src/agri_robot_description/install/agri_robot_description
