[0.008s] Invoking command in '/home/wilsonchandra/agri_robot_ws/build/agri_robot_description': CMAKE_PREFIX_PATH=${CMAKE_PREFIX_PATH}:/opt/ros/jazzy DEBUGINFOD_URLS=https://debuginfod.ubuntu.com /usr/bin/cmake --build /home/wilsonchandra/agri_robot_ws/build/agri_robot_description -- -j32 -l32
[0.056s] Invoked command in '/home/wilsonchandra/agri_robot_ws/build/agri_robot_description' returned '0': CMAKE_PREFIX_PATH=${CMAKE_PREFIX_PATH}:/opt/ros/jazzy DEBUGINFOD_URLS=https://debuginfod.ubuntu.com /usr/bin/cmake --build /home/wilsonchandra/agri_robot_ws/build/agri_robot_description -- -j32 -l32
[0.069s] Invoking command in '/home/wilsonchandra/agri_robot_ws/build/agri_robot_description': CMAKE_PREFIX_PATH=${CMAKE_PREFIX_PATH}:/opt/ros/jazzy DEBUGINFOD_URLS=https://debuginfod.ubuntu.com /usr/bin/cmake --install /home/wilsonchandra/agri_robot_ws/build/agri_robot_description
[0.089s] -- Install configuration: ""
[0.090s] -- Execute custom install script
[0.092s] -- Up-to-date symlink: /home/wilsonchandra/agri_robot_ws/install/agri_robot_description/share/agri_robot_description/launch/display.launch.py
[0.093s] -- Up-to-date symlink: /home/wilsonchandra/agri_robot_ws/install/agri_robot_description/share/agri_robot_description/urdf/agri_robot.xacro
[0.093s] -- Up-to-date symlink: /home/wilsonchandra/agri_robot_ws/install/agri_robot_description/share/agri_robot_description/urdf/inertial_macros.xacro
[0.094s] -- Up-to-date symlink: /home/wilsonchandra/agri_robot_ws/install/agri_robot_description/share/agri_robot_description/urdf/robot.urdf.xacro
[0.094s] -- Up-to-date symlink: /home/wilsonchandra/agri_robot_ws/install/agri_robot_description/share/agri_robot_description/config/robot.yaml
[0.095s] -- Up-to-date symlink: /home/wilsonchandra/agri_robot_ws/install/agri_robot_description/share/ament_index/resource_index/package_run_dependencies/agri_robot_description
[0.095s] -- Up-to-date symlink: /home/wilsonchandra/agri_robot_ws/install/agri_robot_description/share/ament_index/resource_index/parent_prefix_path/agri_robot_description
[0.095s] -- Up-to-date symlink: /home/wilsonchandra/agri_robot_ws/install/agri_robot_description/share/agri_robot_description/environment/ament_prefix_path.sh
[0.095s] -- Up-to-date symlink: /home/wilsonchandra/agri_robot_ws/install/agri_robot_description/share/agri_robot_description/environment/ament_prefix_path.dsv
[0.095s] -- Up-to-date symlink: /home/wilsonchandra/agri_robot_ws/install/agri_robot_description/share/agri_robot_description/environment/path.sh
[0.095s] -- Up-to-date symlink: /home/wilsonchandra/agri_robot_ws/install/agri_robot_description/share/agri_robot_description/environment/path.dsv
[0.096s] -- Up-to-date symlink: /home/wilsonchandra/agri_robot_ws/install/agri_robot_description/share/agri_robot_description/local_setup.bash
[0.096s] -- Up-to-date symlink: /home/wilsonchandra/agri_robot_ws/install/agri_robot_description/share/agri_robot_description/local_setup.sh
[0.096s] -- Up-to-date symlink: /home/wilsonchandra/agri_robot_ws/install/agri_robot_description/share/agri_robot_description/local_setup.zsh
[0.096s] -- Up-to-date symlink: /home/wilsonchandra/agri_robot_ws/install/agri_robot_description/share/agri_robot_description/local_setup.dsv
[0.096s] -- Symlinking: /home/wilsonchandra/agri_robot_ws/install/agri_robot_description/share/agri_robot_description/package.dsv
[0.109s] -- Up-to-date symlink: /home/wilsonchandra/agri_robot_ws/install/agri_robot_description/share/ament_index/resource_index/packages/agri_robot_description
[0.109s] -- Up-to-date symlink: /home/wilsonchandra/agri_robot_ws/install/agri_robot_description/share/agri_robot_description/cmake/agri_robot_descriptionConfig.cmake
[0.109s] -- Up-to-date symlink: /home/wilsonchandra/agri_robot_ws/install/agri_robot_description/share/agri_robot_description/cmake/agri_robot_descriptionConfig-version.cmake
[0.109s] -- Up-to-date symlink: /home/wilsonchandra/agri_robot_ws/install/agri_robot_description/share/agri_robot_description/package.xml
[0.111s] Invoked command in '/home/wilsonchandra/agri_robot_ws/build/agri_robot_description' returned '0': CMAKE_PREFIX_PATH=${CMAKE_PREFIX_PATH}:/opt/ros/jazzy DEBUGINFOD_URLS=https://debuginfod.ubuntu.com /usr/bin/cmake --install /home/wilsonchandra/agri_robot_ws/build/agri_robot_description
