[0.006s] Invoking command in '/home/wilsonchandra/agri_robot_ws/build/agri_robot_description': CMAKE_PREFIX_PATH=${CMAKE_PREFIX_PATH}:/opt/ros/jazzy DEBUGINFOD_URLS=https://debuginfod.ubuntu.com /usr/bin/cmake --build /home/wilsonchandra/agri_robot_ws/build/agri_robot_description -- -j32 -l32
[0.052s] Invoked command in '/home/wilsonchandra/agri_robot_ws/build/agri_robot_description' returned '0': CMAKE_PREFIX_PATH=${CMAKE_PREFIX_PATH}:/opt/ros/jazzy DEBUGINFOD_URLS=https://debuginfod.ubuntu.com /usr/bin/cmake --build /home/wilsonchandra/agri_robot_ws/build/agri_robot_description -- -j32 -l32
[0.079s] Invoking command in '/home/wilsonchandra/agri_robot_ws/build/agri_robot_description': CMAKE_PREFIX_PATH=${CMAKE_PREFIX_PATH}:/opt/ros/jazzy DEBUGINFOD_URLS=https://debuginfod.ubuntu.com /usr/bin/cmake --install /home/wilsonchandra/agri_robot_ws/build/agri_robot_description
[0.096s] -- Install configuration: ""
[0.097s] -- Execute custom install script
[0.098s] -- Up-to-date symlink: /home/wilsonchandra/agri_robot_ws/install/agri_robot_description/share/agri_robot_description/launch/display.launch.py
[0.099s] -- Up-to-date symlink: /home/wilsonchandra/agri_robot_ws/install/agri_robot_description/share/agri_robot_description/urdf/agri_robot.xacro
[0.099s] -- Up-to-date symlink: /home/wilsonchandra/agri_robot_ws/install/agri_robot_description/share/agri_robot_description/urdf/inertial_macros.xacro
[0.099s] -- Up-to-date symlink: /home/wilsonchandra/agri_robot_ws/install/agri_robot_description/share/agri_robot_description/urdf/robot.urdf.xacro
[0.100s] -- Up-to-date symlink: /home/wilsonchandra/agri_robot_ws/install/agri_robot_description/share/agri_robot_description/config/robot.yaml
[0.101s] -- Up-to-date symlink: /home/wilsonchandra/agri_robot_ws/install/agri_robot_description/share/ament_index/resource_index/package_run_dependencies/agri_robot_description
[0.101s] -- Up-to-date symlink: /home/wilsonchandra/agri_robot_ws/install/agri_robot_description/share/ament_index/resource_index/parent_prefix_path/agri_robot_description
[0.101s] -- Up-to-date symlink: /home/wilsonchandra/agri_robot_ws/install/agri_robot_description/share/agri_robot_description/environment/ament_prefix_path.sh
[0.102s] -- Up-to-date symlink: /home/wilsonchandra/agri_robot_ws/install/agri_robot_description/share/agri_robot_description/environment/ament_prefix_path.dsv
[0.102s] -- Up-to-date symlink: /home/wilsonchandra/agri_robot_ws/install/agri_robot_description/share/agri_robot_description/environment/path.sh
[0.102s] -- Up-to-date symlink: /home/wilsonchandra/agri_robot_ws/install/agri_robot_description/share/agri_robot_description/environment/path.dsv
[0.102s] -- Up-to-date symlink: /home/wilsonchandra/agri_robot_ws/install/agri_robot_description/share/agri_robot_description/local_setup.bash
[0.103s] -- Up-to-date symlink: /home/wilsonchandra/agri_robot_ws/install/agri_robot_description/share/agri_robot_description/local_setup.sh
[0.103s] -- Up-to-date symlink: /home/wilsonchandra/agri_robot_ws/install/agri_robot_description/share/agri_robot_description/local_setup.zsh
[0.103s] -- Up-to-date symlink: /home/wilsonchandra/agri_robot_ws/install/agri_robot_description/share/agri_robot_description/local_setup.dsv
[0.104s] -- Symlinking: /home/wilsonchandra/agri_robot_ws/install/agri_robot_description/share/agri_robot_description/package.dsv
[0.122s] -- Up-to-date symlink: /home/wilsonchandra/agri_robot_ws/install/agri_robot_description/share/ament_index/resource_index/packages/agri_robot_description
[0.122s] -- Up-to-date symlink: /home/wilsonchandra/agri_robot_ws/install/agri_robot_description/share/agri_robot_description/cmake/agri_robot_descriptionConfig.cmake
[0.122s] -- Up-to-date symlink: /home/wilsonchandra/agri_robot_ws/install/agri_robot_description/share/agri_robot_description/cmake/agri_robot_descriptionConfig-version.cmake
[0.123s] -- Up-to-date symlink: /home/wilsonchandra/agri_robot_ws/install/agri_robot_description/share/agri_robot_description/package.xml
[0.126s] Invoked command in '/home/wilsonchandra/agri_robot_ws/build/agri_robot_description' returned '0': CMAKE_PREFIX_PATH=${CMAKE_PREFIX_PATH}:/opt/ros/jazzy DEBUGINFOD_URLS=https://debuginfod.ubuntu.com /usr/bin/cmake --install /home/wilsonchandra/agri_robot_ws/build/agri_robot_description
